<?xml version="1.0" encoding="UTF-8"?>
<!-- Generated by org.testng.reporters.JUnitXMLReporter -->
<testsuite ignored="0" hostname="User-225" failures="0" tests="5" name="Chrome-Test" time="87.454" errors="0" timestamp="2025-02-12T16:56:46 IST">
  <testcase classname="TestCases.TC002_BookNowRequest" name="bookNowFeatureTest" time="27.129"/>
  <testcase classname="TestCases.TC005_AdminRolesPage" name="rolesPageLCORoleCreateRoleTest" time="31.302"/>
  <testcase classname="TestCases.TC003_SuperAdminLogin" name="SuperAdminLoginTest" time="13.257"/>
  <testcase classname="TestCases.TC004_AdminLogin" name="adminLoginTest" time="15.717"/>
  <testcase classname="TestCases.TC001_LaunchApplication" name="checkUrlTest" time="2.173"/>
</testsuite> <!-- Chrome-Test -->
