<?xml version="1.0" encoding="UTF-8"?>
<!-- Generated by org.testng.reporters.JUnitXMLReporter -->
<testsuite ignored="0" hostname="User-225" failures="0" tests="5" name="Chrome-Test" time="63.747" errors="0" timestamp="2025-02-10T11:57:16 IST">
  <testcase classname="TestCases.TC001_LaunchApplication" name="checkUrlTest" time="4.389"/>
  <testcase classname="TestCases.TC002_BookNowRequest" name="bookNowFeatureTest" time="33.832"/>
  <testcase classname="TestCases.TC004_AdminLogin" name="adminLoginTest" time="32.809"/>
  <testcase classname="TestCases.TC005_AdminRolesPage" name="rolesPageLCORoleCreateRoleTest" time="35.146"/>
  <testcase classname="TestCases.TC003_SuperAdminLogin" name="SuperAdminLoginTest" time="38.547"/>
</testsuite> <!-- Chrome-Test -->
