<?xml version="1.0" encoding="UTF-8"?>
<!-- Generated by org.testng.reporters.JUnitXMLReporter -->
<testsuite ignored="0" hostname="User-225" failures="0" tests="5" name="Edge-Test" time="257.331" errors="0" timestamp="2025-02-10T18:16:26 IST">
  <testcase classname="TestCases.TC001_LaunchApplication" name="checkUrlTest" time="0.0">
    <skipped/>
  </testcase> <!-- checkUrlTest -->
  <testcase classname="TestCases.TC002_BookNowRequest" name="bookNowFeatureTest" time="15.341"/>
  <testcase classname="TestCases.TC003_SuperAdminLogin" name="SuperAdminLoginTest" time="14.443"/>
  <testcase classname="TestCases.TC004_AdminLogin" name="adminLoginTest" time="11.062"/>
  <testcase classname="TestCases.TC005_AdminRolesPage" name="rolesPageLCORoleCreateRoleTest" time="9.412"/>
</testsuite> <!-- Edge-Test -->
