<?xml version="1.0" encoding="UTF-8"?>
<!-- Generated by org.testng.reporters.JUnitXMLReporter -->
<testsuite ignored="0" hostname="User-225" failures="0" tests="5" name="Edge-Test" time="177.664" errors="0" timestamp="2025-02-12T17:11:47 IST">
  <testcase classname="TestCases.TC005_AdminRolesPage" name="rolesPageLCORoleCreateRoleTest" time="10.296"/>
  <testcase classname="TestCases.TC002_BookNowRequest" name="bookNowFeatureTest" time="7.922"/>
  <testcase classname="TestCases.TC004_AdminLogin" name="adminLoginTest" time="12.86"/>
  <testcase classname="TestCases.TC001_LaunchApplication" name="checkUrlTest" time="2.827"/>
  <testcase classname="TestCases.TC003_SuperAdminLogin" name="SuperAdminLoginTest" time="19.33"/>
</testsuite> <!-- Edge-Test -->
