<?xml version="1.0" encoding="UTF-8"?>
<!-- Generated by org.testng.reporters.JUnitXMLReporter -->
<testsuite ignored="0" hostname="User-225" failures="0" tests="5" name="Firefox-Test" time="179.068" errors="0" timestamp="2025-02-12T16:59:47 IST">
  <testcase classname="TestCases.TC001_LaunchApplication" name="checkUrlTest" time="2.674"/>
  <testcase classname="TestCases.TC004_AdminLogin" name="adminLoginTest" time="21.385"/>
  <testcase classname="TestCases.TC005_AdminRolesPage" name="rolesPageLCORoleCreateRoleTest" time="10.023"/>
  <testcase classname="TestCases.TC002_BookNowRequest" name="bookNowFeatureTest" time="7.813"/>
  <testcase classname="TestCases.TC003_SuperAdminLogin" name="SuperAdminLoginTest" time="14.081"/>
</testsuite> <!-- Firefox-Test -->
