<?xml version="1.0" encoding="UTF-8"?>
<!-- Generated by org.testng.reporters.JUnitXMLReporter -->
<testsuite ignored="0" hostname="User-225" failures="0" tests="5" name="Firefox-Test" time="251.439" errors="0" timestamp="2025-02-10T12:01:35 IST">
  <testcase classname="TestCases.TC002_BookNowRequest" name="bookNowFeatureTest" time="22.438"/>
  <testcase classname="TestCases.TC001_LaunchApplication" name="checkUrlTest" time="26.102"/>
  <testcase classname="TestCases.TC005_AdminRolesPage" name="rolesPageLCORoleCreateRoleTest" time="30.678"/>
  <testcase classname="TestCases.TC003_SuperAdminLogin" name="SuperAdminLoginTest" time="57.013"/>
  <testcase classname="TestCases.TC004_AdminLogin" name="adminLoginTest" time="78.245"/>
</testsuite> <!-- Firefox-Test -->
