<?xml version="1.0" encoding="UTF-8"?>
<!-- Generated by org.testng.reporters.JUnitXMLReporter -->
<testsuite ignored="0" hostname="User-225" failures="0" tests="3" name="Chrome-Test" time="58.86" errors="0" timestamp="2025-02-05T15:51:34 IST">
  <testcase classname="TestCases.TC001_LaunchApplication" name="checkUrlTest" time="2.359"/>
  <testcase classname="TestCases.TC002_BookNowRequest" name="bookNowFeatureTest" time="15.15"/>
  <testcase classname="TestCases.TC003_SuperAdminLogin" name="SuperAdminLoginTest" time="11.837"/>
</testsuite> <!-- Chrome-Test -->
