<?xml version="1.0" encoding="UTF-8"?>
<!-- Generated by org.testng.reporters.JUnitXMLReporter -->
<testsuite ignored="0" hostname="User-225" failures="2" tests="3" name="ChromeTests" time="26.697" errors="0" timestamp="2025-02-05T14:42:34 IST">
  <testcase classname="TestCases.TC001_LaunchApplication" name="checkUrlTest" time="2.23"/>
  <testcase classname="TestCases.TC002_BookNowRequest" name="bookNowFeatureTest" time="0.0">
    <failure type="org.testng.TestNGException" message="
Conversion issue on parameter: browser">
      <![CDATA[org.testng.TestNGException: 
Conversion issue on parameter: browser
at java.base/java.util.ArrayList.forEach(ArrayList.java:1596)
Caused by: java.lang.NumberFormatException: For input string: "chrome"
at java.base/java.lang.NumberFormatException.forInputString(NumberFormatException.java:67)
at java.base/java.lang.Integer.parseInt(Integer.java:662)
at java.base/java.lang.Integer.valueOf(Integer.java:989)
... 27 more
... Removed 28 stack frames]]>
    </failure>
  </testcase> <!-- bookNowFeatureTest -->
  <testcase classname="TestCases.TC003_SuperAdminLogin" name="SuperAdminLoginTest" time="14.184">
    <failure type="org.openqa.selenium.TimeoutException" message="Expected condition failed: waiting for url to contain &amp;quot;dashboard&amp;quot;. Current url: &amp;quot;http://10.80.3.31/fibrez/tenants&amp;quot; (tried for 10 second(s) with 500 milliseconds interval)
Build info: version: &amp;apos;4.20.0&amp;apos;, revision: &amp;apos;866c76ca80&amp;apos;
System info: os.name: &amp;apos;Windows 10&amp;apos;, os.arch: &amp;apos;amd64&amp;apos;, os.version: &amp;apos;10.0&amp;apos;, java.version: &amp;apos;21.0.4&amp;apos;
Driver info: org.openqa.selenium.remote.RemoteWebDriver
Capabilities {acceptInsecureCerts: false, browserName: chrome, browserVersion: 132.0.6834.110, chrome: {chromedriverVersion: 132.0.6834.110 (df453a35f09..., userDataDir: /tmp/.org.chromium.Chromium...}, fedcm:accounts: true, goog:chromeOptions: {debuggerAddress: localhost:36717}, networkConnectionEnabled: false, pageLoadStrategy: normal, platformName: linux, proxy: Proxy(), se:bidiEnabled: false, se:cdp: ws://172.18.0.3:4444/sessio..., se:cdpVersion: 132.0.6834.110, se:containerName: , se:noVncPort: 7900, se:vnc: ws://172.18.0.3:4444/sessio..., se:vncEnabled: true, se:vncLocalAddress: ws://172.18.0.3:7900, setWindowRect: true, strictFileInteractability: false, timeouts: {implicit: 0, pageLoad: 300000, script: 30000}, unhandledPromptBehavior: dismiss and notify, webauthn:extension:credBlob: true, webauthn:extension:largeBlob: true, webauthn:extension:minPinLength: true, webauthn:extension:prf: true, webauthn:virtualAuthenticators: true}
Session ID: 78bfd55bb70c1307231d646cb5645c36">
      <![CDATA[org.openqa.selenium.TimeoutException: Expected condition failed: waiting for url to contain "dashboard". Current url: "http://10.80.3.31/fibrez/tenants" (tried for 10 second(s) with 500 milliseconds interval)
Build info: version: '4.20.0', revision: '866c76ca80'
System info: os.name: 'Windows 10', os.arch: 'amd64', os.version: '10.0', java.version: '21.0.4'
Driver info: org.openqa.selenium.remote.RemoteWebDriver
Capabilities {acceptInsecureCerts: false, browserName: chrome, browserVersion: 132.0.6834.110, chrome: {chromedriverVersion: 132.0.6834.110 (df453a35f09..., userDataDir: /tmp/.org.chromium.Chromium...}, fedcm:accounts: true, goog:chromeOptions: {debuggerAddress: localhost:36717}, networkConnectionEnabled: false, pageLoadStrategy: normal, platformName: linux, proxy: Proxy(), se:bidiEnabled: false, se:cdp: ws://172.18.0.3:4444/sessio..., se:cdpVersion: 132.0.6834.110, se:containerName: , se:noVncPort: 7900, se:vnc: ws://172.18.0.3:4444/sessio..., se:vncEnabled: true, se:vncLocalAddress: ws://172.18.0.3:7900, setWindowRect: true, strictFileInteractability: false, timeouts: {implicit: 0, pageLoad: 300000, script: 30000}, unhandledPromptBehavior: dismiss and notify, webauthn:extension:credBlob: true, webauthn:extension:largeBlob: true, webauthn:extension:minPinLength: true, webauthn:extension:prf: true, webauthn:virtualAuthenticators: true}
Session ID: 78bfd55bb70c1307231d646cb5645c36
at org.openqa.selenium.support.ui.WebDriverWait.timeoutException(WebDriverWait.java:84)
at org.openqa.selenium.support.ui.FluentWait.until(FluentWait.java:228)
at Utilities.BaseClass.login(BaseClass.java:70)
at Utilities.BaseClass.superAdminLogin(BaseClass.java:74)
at TestCases.TC003_SuperAdminLogin.SuperAdminLoginTest(TC003_SuperAdminLogin.java:29)
at java.base/java.util.ArrayList.forEach(ArrayList.java:1596)
... Removed 25 stack frames]]>
    </failure>
  </testcase> <!-- SuperAdminLoginTest -->
</testsuite> <!-- ChromeTests -->
