<?xml version="1.0" encoding="UTF-8"?>
<!-- Generated by org.testng.reporters.JUnitXMLReporter -->
<testsuite ignored="0" hostname="User-225" failures="0" tests="3" name="Chrome-Test" time="31.876" errors="0" timestamp="2025-02-06T16:55:40 IST">
  <testcase classname="TestCases.TC001_LaunchApplication" name="checkUrlTest" time="5.033"/>
  <testcase classname="TestCases.TC002_BookNowRequest" name="bookNowFeatureTest" time="12.072"/>
  <testcase classname="TestCases.TC003_SuperAdminLogin" name="SuperAdminLoginTest" time="14.137"/>
</testsuite> <!-- Chrome-Test -->
