<?xml version="1.0" encoding="UTF-8"?>
<!-- Generated by org.testng.reporters.JUnitXMLReporter -->
<testsuite ignored="0" hostname="User-225" failures="0" tests="3" name="Firefox-Test" time="91.599" errors="0" timestamp="2025-02-06T16:57:13 IST">
  <testcase classname="TestCases.TC001_LaunchApplication" name="checkUrlTest" time="3.462"/>
  <testcase classname="TestCases.TC002_BookNowRequest" name="bookNowFeatureTest" time="9.494"/>
  <testcase classname="TestCases.TC003_SuperAdminLogin" name="SuperAdminLoginTest" time="13.835"/>
</testsuite> <!-- Firefox-Test -->
