<?xml version="1.0" encoding="UTF-8"?>
<testng-results ignored="0" total="10" passed="9" failed="1" skipped="0">
  <reporter-output>
  </reporter-output>
  <suite started-at="2025-02-07T18:03:19 IST" name="FibreZ TestSuite QA" finished-at="2025-02-07T18:11:14 IST" duration-ms="474578">
    <groups>
    </groups>
    <test started-at="2025-02-07T18:03:19 IST" name="Chrome-Test" finished-at="2025-02-07T18:04:34 IST" duration-ms="74972">
      <class name="TestCases.TC002_BookNowRequest">
        <test-method is-config="true" signature="setup(java.lang.String)[pri:0, instance:TestCases.TC002_BookNowRequest@aa549e5]" started-at="2025-02-07T18:03:20 IST" name="setup" finished-at="2025-02-07T18:03:50 IST" duration-ms="29552" status="PASS">
          <params>
            <param index="0">
              <value>
                <![CDATA[chrome]]>
              </value>
            </param>
          </params>
          <reporter-output>
          </reporter-output>
        </test-method> <!-- setup -->
        <test-method signature="bookNowFeatureTest()[pri:0, instance:TestCases.TC002_BookNowRequest@aa549e5]" started-at="2025-02-07T18:03:50 IST" name="bookNowFeatureTest" finished-at="2025-02-07T18:04:30 IST" duration-ms="39974" status="PASS">
          <reporter-output>
          </reporter-output>
        </test-method> <!-- bookNowFeatureTest -->
        <test-method is-config="true" signature="closeApp()[pri:0, instance:TestCases.TC002_BookNowRequest@aa549e5]" started-at="2025-02-07T18:04:30 IST" name="closeApp" finished-at="2025-02-07T18:04:31 IST" duration-ms="991" status="PASS">
          <reporter-output>
          </reporter-output>
        </test-method> <!-- closeApp -->
      </class> <!-- TestCases.TC002_BookNowRequest -->
      <class name="TestCases.TC004_AdminLogin">
        <test-method is-config="true" signature="setup(java.lang.String)[pri:0, instance:TestCases.TC004_AdminLogin@5c00384f]" started-at="2025-02-07T18:03:20 IST" name="setup" finished-at="2025-02-07T18:03:53 IST" duration-ms="32455" status="PASS">
          <params>
            <param index="0">
              <value>
                <![CDATA[chrome]]>
              </value>
            </param>
          </params>
          <reporter-output>
          </reporter-output>
        </test-method> <!-- setup -->
        <test-method signature="adminLoginTest()[pri:0, instance:TestCases.TC004_AdminLogin@5c00384f]" started-at="2025-02-07T18:03:53 IST" name="adminLoginTest" finished-at="2025-02-07T18:04:32 IST" duration-ms="39174" status="PASS">
          <reporter-output>
          </reporter-output>
        </test-method> <!-- adminLoginTest -->
        <test-method is-config="true" signature="closeApp()[pri:0, instance:TestCases.TC004_AdminLogin@5c00384f]" started-at="2025-02-07T18:04:32 IST" name="closeApp" finished-at="2025-02-07T18:04:32 IST" duration-ms="767" status="PASS">
          <reporter-output>
          </reporter-output>
        </test-method> <!-- closeApp -->
      </class> <!-- TestCases.TC004_AdminLogin -->
      <class name="TestCases.TC005_AdminRolesPage">
        <test-method is-config="true" signature="setup(java.lang.String)[pri:0, instance:TestCases.TC005_AdminRolesPage@3b7ff809]" started-at="2025-02-07T18:03:20 IST" name="setup" finished-at="2025-02-07T18:03:48 IST" duration-ms="28346" status="PASS">
          <params>
            <param index="0">
              <value>
                <![CDATA[chrome]]>
              </value>
            </param>
          </params>
          <reporter-output>
          </reporter-output>
        </test-method> <!-- setup -->
        <test-method signature="rolesPageLCORoleCreateRoleTest()[pri:0, instance:TestCases.TC005_AdminRolesPage@3b7ff809]" started-at="2025-02-07T18:03:48 IST" name="rolesPageLCORoleCreateRoleTest" finished-at="2025-02-07T18:04:31 IST" duration-ms="43014" status="PASS">
          <reporter-output>
          </reporter-output>
        </test-method> <!-- rolesPageLCORoleCreateRoleTest -->
        <test-method is-config="true" signature="closeApp()[pri:0, instance:TestCases.TC005_AdminRolesPage@3b7ff809]" started-at="2025-02-07T18:04:31 IST" name="closeApp" finished-at="2025-02-07T18:04:32 IST" duration-ms="931" status="PASS">
          <reporter-output>
          </reporter-output>
        </test-method> <!-- closeApp -->
      </class> <!-- TestCases.TC005_AdminRolesPage -->
      <class name="TestCases.TC003_SuperAdminLogin">
        <test-method is-config="true" signature="setup(java.lang.String)[pri:0, instance:TestCases.TC003_SuperAdminLogin@36f48b4]" started-at="2025-02-07T18:03:20 IST" name="setup" finished-at="2025-02-07T18:03:50 IST" duration-ms="29539" status="PASS">
          <params>
            <param index="0">
              <value>
                <![CDATA[chrome]]>
              </value>
            </param>
          </params>
          <reporter-output>
          </reporter-output>
        </test-method> <!-- setup -->
        <test-method signature="SuperAdminLoginTest()[pri:0, instance:TestCases.TC003_SuperAdminLogin@36f48b4]" started-at="2025-02-07T18:03:50 IST" name="SuperAdminLoginTest" finished-at="2025-02-07T18:04:34 IST" duration-ms="44341" status="PASS">
          <reporter-output>
          </reporter-output>
        </test-method> <!-- SuperAdminLoginTest -->
        <test-method is-config="true" signature="closeApp()[pri:0, instance:TestCases.TC003_SuperAdminLogin@36f48b4]" started-at="2025-02-07T18:04:34 IST" name="closeApp" finished-at="2025-02-07T18:04:34 IST" duration-ms="337" status="PASS">
          <reporter-output>
          </reporter-output>
        </test-method> <!-- closeApp -->
      </class> <!-- TestCases.TC003_SuperAdminLogin -->
      <class name="TestCases.TC001_LaunchApplication">
        <test-method is-config="true" signature="setup(java.lang.String)[pri:0, instance:TestCases.TC001_LaunchApplication@55342f40]" started-at="2025-02-07T18:03:20 IST" name="setup" finished-at="2025-02-07T18:03:50 IST" duration-ms="29521" status="PASS">
          <params>
            <param index="0">
              <value>
                <![CDATA[chrome]]>
              </value>
            </param>
          </params>
          <reporter-output>
          </reporter-output>
        </test-method> <!-- setup -->
        <test-method signature="checkUrlTest(java.lang.String)[pri:0, instance:TestCases.TC001_LaunchApplication@55342f40]" started-at="2025-02-07T18:03:50 IST" name="checkUrlTest" finished-at="2025-02-07T18:03:57 IST" duration-ms="7744" status="PASS">
          <params>
            <param index="0">
              <value>
                <![CDATA[chrome]]>
              </value>
            </param>
          </params>
          <reporter-output>
          </reporter-output>
        </test-method> <!-- checkUrlTest -->
        <test-method is-config="true" signature="closeApp()[pri:0, instance:TestCases.TC001_LaunchApplication@55342f40]" started-at="2025-02-07T18:03:57 IST" name="closeApp" finished-at="2025-02-07T18:03:59 IST" duration-ms="1426" status="PASS">
          <reporter-output>
          </reporter-output>
        </test-method> <!-- closeApp -->
      </class> <!-- TestCases.TC001_LaunchApplication -->
    </test> <!-- Chrome-Test -->
    <test started-at="2025-02-07T18:04:45 IST" name="Firefox-Test" finished-at="2025-02-07T18:11:14 IST" duration-ms="389260">
      <class name="TestCases.TC002_BookNowRequest">
        <test-method is-config="true" signature="setup(java.lang.String)[pri:0, instance:TestCases.TC002_BookNowRequest@79145d5a]" started-at="2025-02-07T18:04:45 IST" name="setup" finished-at="2025-02-07T18:06:04 IST" duration-ms="79151" status="PASS">
          <params>
            <param index="0">
              <value>
                <![CDATA[firefox]]>
              </value>
            </param>
          </params>
          <reporter-output>
          </reporter-output>
        </test-method> <!-- setup -->
        <test-method signature="bookNowFeatureTest()[pri:0, instance:TestCases.TC002_BookNowRequest@79145d5a]" started-at="2025-02-07T18:06:04 IST" name="bookNowFeatureTest" finished-at="2025-02-07T18:07:39 IST" duration-ms="94936" status="PASS">
          <reporter-output>
          </reporter-output>
        </test-method> <!-- bookNowFeatureTest -->
        <test-method is-config="true" signature="closeApp()[pri:0, instance:TestCases.TC002_BookNowRequest@79145d5a]" started-at="2025-02-07T18:07:39 IST" name="closeApp" finished-at="2025-02-07T18:09:40 IST" duration-ms="120974" status="PASS">
          <reporter-output>
          </reporter-output>
        </test-method> <!-- closeApp -->
      </class> <!-- TestCases.TC002_BookNowRequest -->
      <class name="TestCases.TC005_AdminRolesPage">
        <test-method is-config="true" signature="setup(java.lang.String)[pri:0, instance:TestCases.TC005_AdminRolesPage@6821ea29]" started-at="2025-02-07T18:04:45 IST" name="setup" finished-at="2025-02-07T18:06:10 IST" duration-ms="85485" status="PASS">
          <params>
            <param index="0">
              <value>
                <![CDATA[firefox]]>
              </value>
            </param>
          </params>
          <reporter-output>
          </reporter-output>
        </test-method> <!-- setup -->
        <test-method signature="rolesPageLCORoleCreateRoleTest()[pri:0, instance:TestCases.TC005_AdminRolesPage@6821ea29]" started-at="2025-02-07T18:06:10 IST" name="rolesPageLCORoleCreateRoleTest" finished-at="2025-02-07T18:09:03 IST" duration-ms="172803" status="FAIL">
          <exception class="org.openqa.selenium.NoSuchElementException">
            <message>
              <![CDATA[Unable to locate element: //table[@class='w-full table-data']
For documentation on this error, please visit: https://www.selenium.dev/documentation/webdriver/troubleshooting/errors#no-such-element-exception
Build info: version: '4.20.0', revision: '866c76ca80'
System info: os.name: 'Windows 10', os.arch: 'amd64', os.version: '10.0', java.version: '21.0.4'
Driver info: org.openqa.selenium.remote.RemoteWebDriver
Command: [f571b13e-9d85-4b03-a787-15e8a7776287, findElement {using=xpath, value=//table[@class='w-full table-data']}]
Capabilities {acceptInsecureCerts: true, browserName: firefox, browserVersion: 134.0.2, container:hostname: 27e0c89eed89, moz:accessibilityChecks: false, moz:buildID: 20250120135430, moz:debuggerAddress: true, moz:firefoxOptions: {}, moz:geckodriverVersion: 0.35.0, moz:headless: false, moz:platformVersion: 5.15.167.4-microsoft-standa..., moz:processID: 4045, moz:profile: /tmp/rust_mozprofileHgtrUZ, moz:shutdownTimeout: 60000, moz:webdriverClick: true, moz:windowless: false, pageLoadStrategy: normal, platformName: linux, proxy: Proxy(), se:bidiEnabled: false, se:cdp: ws://172.18.0.4:4444/sessio..., se:containerName: 27e0c89eed89, se:noVncPort: 7900, se:vnc: ws://172.18.0.4:4444/sessio..., se:vncEnabled: true, se:vncLocalAddress: ws://172.18.0.4:7900, setWindowRect: true, strictFileInteractability: false, timeouts: {implicit: 0, pageLoad: 300000, script: 30000}, unhandledPromptBehavior: dismiss and notify, userAgent: Mozilla/5.0 (X11; Linux x86...}
Session ID: f571b13e-9d85-4b03-a787-15e8a7776287]]>
            </message>
            <full-stacktrace>
              <![CDATA[org.openqa.selenium.NoSuchElementException: Unable to locate element: //table[@class='w-full table-data']
For documentation on this error, please visit: https://www.selenium.dev/documentation/webdriver/troubleshooting/errors#no-such-element-exception
Build info: version: '4.20.0', revision: '866c76ca80'
System info: os.name: 'Windows 10', os.arch: 'amd64', os.version: '10.0', java.version: '21.0.4'
Driver info: org.openqa.selenium.remote.RemoteWebDriver
Command: [f571b13e-9d85-4b03-a787-15e8a7776287, findElement {using=xpath, value=//table[@class='w-full table-data']}]
Capabilities {acceptInsecureCerts: true, browserName: firefox, browserVersion: 134.0.2, container:hostname: 27e0c89eed89, moz:accessibilityChecks: false, moz:buildID: 20250120135430, moz:debuggerAddress: true, moz:firefoxOptions: {}, moz:geckodriverVersion: 0.35.0, moz:headless: false, moz:platformVersion: 5.15.167.4-microsoft-standa..., moz:processID: 4045, moz:profile: /tmp/rust_mozprofileHgtrUZ, moz:shutdownTimeout: 60000, moz:webdriverClick: true, moz:windowless: false, pageLoadStrategy: normal, platformName: linux, proxy: Proxy(), se:bidiEnabled: false, se:cdp: ws://172.18.0.4:4444/sessio..., se:containerName: 27e0c89eed89, se:noVncPort: 7900, se:vnc: ws://172.18.0.4:4444/sessio..., se:vncEnabled: true, se:vncLocalAddress: ws://172.18.0.4:7900, setWindowRect: true, strictFileInteractability: false, timeouts: {implicit: 0, pageLoad: 300000, script: 30000}, unhandledPromptBehavior: dismiss and notify, userAgent: Mozilla/5.0 (X11; Linux x86...}
Session ID: f571b13e-9d85-4b03-a787-15e8a7776287
at java.base/jdk.internal.reflect.DirectConstructorHandleAccessor.newInstance(DirectConstructorHandleAccessor.java:62)
at java.base/java.lang.reflect.Constructor.newInstanceWithCaller(Constructor.java:502)
at java.base/java.lang.reflect.Constructor.newInstance(Constructor.java:486)
at org.openqa.selenium.remote.ErrorCodec.decode(ErrorCodec.java:167)
at org.openqa.selenium.remote.codec.w3c.W3CHttpResponseCodec.decode(W3CHttpResponseCodec.java:138)
at org.openqa.selenium.remote.codec.w3c.W3CHttpResponseCodec.decode(W3CHttpResponseCodec.java:50)
at org.openqa.selenium.remote.HttpCommandExecutor.execute(HttpCommandExecutor.java:190)
at org.openqa.selenium.remote.TracedCommandExecutor.execute(TracedCommandExecutor.java:51)
at org.openqa.selenium.remote.RemoteWebDriver.execute(RemoteWebDriver.java:518)
at org.openqa.selenium.remote.ElementLocation$ElementFinder$2.findElement(ElementLocation.java:165)
at org.openqa.selenium.remote.ElementLocation.findElement(ElementLocation.java:59)
at org.openqa.selenium.remote.RemoteWebDriver.findElement(RemoteWebDriver.java:355)
at org.openqa.selenium.remote.RemoteWebDriver.findElement(RemoteWebDriver.java:349)
at TestCases.TC005_AdminRolesPage.rolesPageLCORoleCreateRoleTest(TC005_AdminRolesPage.java:45)
at java.base/jdk.internal.reflect.DirectMethodHandleAccessor.invoke(DirectMethodHandleAccessor.java:103)
at java.base/java.lang.reflect.Method.invoke(Method.java:580)
at org.testng.internal.invokers.MethodInvocationHelper.invokeMethod(MethodInvocationHelper.java:141)
at org.testng.internal.invokers.TestInvoker.invokeMethod(TestInvoker.java:686)
at org.testng.internal.invokers.TestInvoker.invokeTestMethod(TestInvoker.java:230)
at org.testng.internal.invokers.MethodRunner.runInSequence(MethodRunner.java:63)
at org.testng.internal.invokers.TestInvoker$MethodInvocationAgent.invoke(TestInvoker.java:992)
at org.testng.internal.invokers.TestInvoker.invokeTestMethods(TestInvoker.java:203)
at org.testng.internal.invokers.TestMethodWorker.invokeTestMethods(TestMethodWorker.java:154)
at org.testng.internal.invokers.TestMethodWorker.run(TestMethodWorker.java:134)
at java.base/java.util.concurrent.Executors$RunnableAdapter.call(Executors.java:572)
at java.base/java.util.concurrent.FutureTask.run(FutureTask.java:317)
at org.testng.internal.thread.graph.TestNGFutureTask.run(TestNGFutureTask.java:22)
at java.base/java.util.concurrent.ThreadPoolExecutor.runWorker(ThreadPoolExecutor.java:1144)
at java.base/java.util.concurrent.ThreadPoolExecutor$Worker.run(ThreadPoolExecutor.java:642)
at java.base/java.lang.Thread.run(Thread.java:1583)
]]>
            </full-stacktrace>
          </exception> <!-- org.openqa.selenium.NoSuchElementException -->
          <reporter-output>
          </reporter-output>
        </test-method> <!-- rolesPageLCORoleCreateRoleTest -->
        <test-method is-config="true" signature="closeApp()[pri:0, instance:TestCases.TC005_AdminRolesPage@6821ea29]" started-at="2025-02-07T18:09:22 IST" name="closeApp" finished-at="2025-02-07T18:11:00 IST" duration-ms="98491" status="PASS">
          <reporter-output>
          </reporter-output>
        </test-method> <!-- closeApp -->
      </class> <!-- TestCases.TC005_AdminRolesPage -->
      <class name="TestCases.TC004_AdminLogin">
        <test-method is-config="true" signature="setup(java.lang.String)[pri:0, instance:TestCases.TC004_AdminLogin@4c4d27c8]" started-at="2025-02-07T18:04:45 IST" name="setup" finished-at="2025-02-07T18:06:10 IST" duration-ms="84747" status="PASS">
          <params>
            <param index="0">
              <value>
                <![CDATA[firefox]]>
              </value>
            </param>
          </params>
          <reporter-output>
          </reporter-output>
        </test-method> <!-- setup -->
        <test-method signature="adminLoginTest()[pri:0, instance:TestCases.TC004_AdminLogin@4c4d27c8]" started-at="2025-02-07T18:06:10 IST" name="adminLoginTest" finished-at="2025-02-07T18:11:07 IST" duration-ms="297026" status="PASS">
          <reporter-output>
          </reporter-output>
        </test-method> <!-- adminLoginTest -->
        <test-method is-config="true" signature="closeApp()[pri:0, instance:TestCases.TC004_AdminLogin@4c4d27c8]" started-at="2025-02-07T18:11:07 IST" name="closeApp" finished-at="2025-02-07T18:11:14 IST" duration-ms="7117" status="PASS">
          <reporter-output>
          </reporter-output>
        </test-method> <!-- closeApp -->
      </class> <!-- TestCases.TC004_AdminLogin -->
      <class name="TestCases.TC003_SuperAdminLogin">
        <test-method is-config="true" signature="setup(java.lang.String)[pri:0, instance:TestCases.TC003_SuperAdminLogin@1f2f9244]" started-at="2025-02-07T18:04:45 IST" name="setup" finished-at="2025-02-07T18:06:11 IST" duration-ms="85523" status="PASS">
          <params>
            <param index="0">
              <value>
                <![CDATA[firefox]]>
              </value>
            </param>
          </params>
          <reporter-output>
          </reporter-output>
        </test-method> <!-- setup -->
        <test-method signature="SuperAdminLoginTest()[pri:0, instance:TestCases.TC003_SuperAdminLogin@1f2f9244]" started-at="2025-02-07T18:06:11 IST" name="SuperAdminLoginTest" finished-at="2025-02-07T18:07:46 IST" duration-ms="95889" status="PASS">
          <reporter-output>
          </reporter-output>
        </test-method> <!-- SuperAdminLoginTest -->
        <test-method is-config="true" signature="closeApp()[pri:0, instance:TestCases.TC003_SuperAdminLogin@1f2f9244]" started-at="2025-02-07T18:07:46 IST" name="closeApp" finished-at="2025-02-07T18:09:40 IST" duration-ms="113646" status="PASS">
          <reporter-output>
          </reporter-output>
        </test-method> <!-- closeApp -->
      </class> <!-- TestCases.TC003_SuperAdminLogin -->
      <class name="TestCases.TC001_LaunchApplication">
        <test-method is-config="true" signature="setup(java.lang.String)[pri:0, instance:TestCases.TC001_LaunchApplication@792bbc74]" started-at="2025-02-07T18:04:45 IST" name="setup" finished-at="2025-02-07T18:06:42 IST" duration-ms="117017" status="PASS">
          <params>
            <param index="0">
              <value>
                <![CDATA[firefox]]>
              </value>
            </param>
          </params>
          <reporter-output>
          </reporter-output>
        </test-method> <!-- setup -->
        <test-method signature="checkUrlTest(java.lang.String)[pri:0, instance:TestCases.TC001_LaunchApplication@792bbc74]" started-at="2025-02-07T18:06:42 IST" name="checkUrlTest" finished-at="2025-02-07T18:07:08 IST" duration-ms="26063" status="PASS">
          <params>
            <param index="0">
              <value>
                <![CDATA[firefox]]>
              </value>
            </param>
          </params>
          <reporter-output>
          </reporter-output>
        </test-method> <!-- checkUrlTest -->
        <test-method is-config="true" signature="closeApp()[pri:0, instance:TestCases.TC001_LaunchApplication@792bbc74]" started-at="2025-02-07T18:07:08 IST" name="closeApp" finished-at="2025-02-07T18:08:34 IST" duration-ms="85530" status="PASS">
          <reporter-output>
          </reporter-output>
        </test-method> <!-- closeApp -->
      </class> <!-- TestCases.TC001_LaunchApplication -->
    </test> <!-- Firefox-Test -->
  </suite> <!-- FibreZ TestSuite QA -->
</testng-results>
